<?xml version="1.0" encoding="UTF-8"?>
<!-- Generated by org.testng.reporters.JUnitReportReporter -->
<testsuite hostname="TYSS-jeevan" failures="0" tests="1" name="Business_logic.end_to_endScript" time="15.207" errors="0" timestamp="2023-12-15T14:57:30 IST" skipped="0">
  <testcase classname="Business_logic.end_to_endScript" name="login" time="15.207"/>
</testsuite> <!-- Business_logic.end_to_endScript -->
